2026-02-06 14:50:50,961 INFO o.a.j.u.JMeterUtils: Setting Locale to en_EN
2026-02-06 14:50:50,974 INFO o.a.j.JMeter: Loading user properties from: /opt/jemeter/bin/user.properties
2026-02-06 14:50:50,975 INFO o.a.j.JMeter: Loading system properties from: /opt/jemeter/bin/system.properties
2026-02-06 14:50:50,979 INFO o.a.j.JMeter: Copyright (c) 1998-2024 The Apache Software Foundation
2026-02-06 14:50:50,979 INFO o.a.j.JMeter: Version 5.6.3
2026-02-06 14:50:50,979 INFO o.a.j.JMeter: java.version=25.0.2
2026-02-06 14:50:50,979 INFO o.a.j.JMeter: java.vm.name=OpenJDK 64-Bit Server VM
2026-02-06 14:50:50,979 INFO o.a.j.JMeter: os.name=Linux
2026-02-06 14:50:50,979 INFO o.a.j.JMeter: os.arch=amd64
2026-02-06 14:50:50,980 INFO o.a.j.JMeter: os.version=6.8.0-90-generic
2026-02-06 14:50:50,980 INFO o.a.j.JMeter: file.encoding=UTF-8
2026-02-06 14:50:50,980 INFO o.a.j.JMeter: java.awt.headless=null
2026-02-06 14:50:50,980 INFO o.a.j.JMeter: Max memory     =1073741824
2026-02-06 14:50:50,980 INFO o.a.j.JMeter: Available Processors =8
2026-02-06 14:50:50,991 INFO o.a.j.JMeter: Default Locale=English (EN)
2026-02-06 14:50:50,991 INFO o.a.j.JMeter: JMeter  Locale=English (EN)
2026-02-06 14:50:50,991 INFO o.a.j.JMeter: JMeterHome=/opt/jemeter
2026-02-06 14:50:50,991 INFO o.a.j.JMeter: user.dir  =/home/opentrends/Documents/Jmeter Learning
2026-02-06 14:50:50,991 INFO o.a.j.JMeter: PWD       =/home/opentrends/Documents/Jmeter Learning
2026-02-06 14:50:50,992 INFO o.a.j.JMeter: IP: 127.0.1.1 Name: opentrends-OptiPlex-7050 FullName: opentrends-OptiPlex-7050
2026-02-06 14:50:50,999 INFO o.a.j.JMeter: Loaded icon properties from org/apache/jmeter/images/icon.properties
2026-02-06 14:50:51,178 INFO o.a.j.JMeterGuiLauncher: Setting LAF to: com.github.weisj.darklaf.DarkLaf:com.github.weisj.darklaf.theme.DarculaTheme
2026-02-06 14:50:51,932 INFO o.a.j.r.ClassFinder: Will scan jar /opt/jemeter/lib/ext/jmeter-plugins-fifo-0.2.jar with filter ExtendsClassFilter [parents=[interface org.apache.jmeter.gui.action.Command], inner=false, contains=null, notContains=null]. Consider exposing JMeter plugins via META-INF/services, and add JMeter-Skip-Class-Scanning=true manifest attribute so JMeter can skip classfile scanning
2026-02-06 14:50:51,938 INFO o.a.j.r.ClassFinder: Will scan jar /opt/jemeter/lib/ext/jmeter-plugins-manager-1.11.jar with filter ExtendsClassFilter [parents=[interface org.apache.jmeter.gui.action.Command], inner=false, contains=null, notContains=null]. Consider exposing JMeter plugins via META-INF/services, and add JMeter-Skip-Class-Scanning=true manifest attribute so JMeter can skip classfile scanning
2026-02-06 14:50:52,007 INFO o.a.j.r.ClassFinder: Will scan jar /opt/jemeter/lib/ext/har-convertor-jmeter-plugin-9.1-jar-with-dependencies.jar with filter ExtendsClassFilter [parents=[interface org.apache.jmeter.gui.action.Command], inner=false, contains=null, notContains=null]. Consider exposing JMeter plugins via META-INF/services, and add JMeter-Skip-Class-Scanning=true manifest attribute so JMeter can skip classfile scanning
2026-02-06 14:50:52,066 INFO o.a.j.r.ClassFinder: Will scan jar /opt/jemeter/lib/ext/jmeter-plugins-cmd-2.3.jar with filter ExtendsClassFilter [parents=[interface org.apache.jmeter.gui.action.Command], inner=false, contains=null, notContains=null]. Consider exposing JMeter plugins via META-INF/services, and add JMeter-Skip-Class-Scanning=true manifest attribute so JMeter can skip classfile scanning
2026-02-06 14:50:52,068 INFO o.a.j.r.ClassFinder: Will scan jar /opt/jemeter/lib/ext/jmeter-plugins-json-2.7.jar with filter ExtendsClassFilter [parents=[interface org.apache.jmeter.gui.action.Command], inner=false, contains=null, notContains=null]. Consider exposing JMeter plugins via META-INF/services, and add JMeter-Skip-Class-Scanning=true manifest attribute so JMeter can skip classfile scanning
2026-02-06 14:50:52,072 INFO o.a.j.r.ClassFinder: Will scan jar /opt/jemeter/lib/ext/jmeter.pack-listener-1.7.jar with filter ExtendsClassFilter [parents=[interface org.apache.jmeter.gui.action.Command], inner=false, contains=null, notContains=null]. Consider exposing JMeter plugins via META-INF/services, and add JMeter-Skip-Class-Scanning=true manifest attribute so JMeter can skip classfile scanning
2026-02-06 14:50:52,353 INFO o.a.j.r.ClassFinder: Will scan jar /opt/jemeter/lib/ext/ulp-observability-listener-1.1.0.jar with filter ExtendsClassFilter [parents=[interface org.apache.jmeter.gui.action.Command], inner=false, contains=null, notContains=null]. Consider exposing JMeter plugins via META-INF/services, and add JMeter-Skip-Class-Scanning=true manifest attribute so JMeter can skip classfile scanning
2026-02-06 14:50:52,357 INFO o.a.j.r.ClassFinder: Will scan jar /opt/jemeter/lib/ext/jmeter-plugins-graphs-ggl-2.0.jar with filter ExtendsClassFilter [parents=[interface org.apache.jmeter.gui.action.Command], inner=false, contains=null, notContains=null]. Consider exposing JMeter plugins via META-INF/services, and add JMeter-Skip-Class-Scanning=true manifest attribute so JMeter can skip classfile scanning
2026-02-06 14:50:52,359 INFO o.a.j.r.ClassFinder: Will scan jar /opt/jemeter/lib/ext/jmeter-junit-reporter-1.1.jar with filter ExtendsClassFilter [parents=[interface org.apache.jmeter.gui.action.Command], inner=false, contains=null, notContains=null]. Consider exposing JMeter plugins via META-INF/services, and add JMeter-Skip-Class-Scanning=true manifest attribute so JMeter can skip classfile scanning
2026-02-06 14:50:52,361 INFO o.a.j.r.ClassFinder: Will scan jar /opt/jemeter/lib/ext/jmeter-plugins-graphs-basic-2.0.jar with filter ExtendsClassFilter [parents=[interface org.apache.jmeter.gui.action.Command], inner=false, contains=null, notContains=null]. Consider exposing JMeter plugins via META-INF/services, and add JMeter-Skip-Class-Scanning=true manifest attribute so JMeter can skip classfile scanning
2026-02-06 14:50:52,365 INFO o.a.j.r.ClassFinder: Will scan jar /opt/jemeter/lib/ext/jmeter-plugins-functions-2.2.jar with filter ExtendsClassFilter [parents=[interface org.apache.jmeter.gui.action.Command], inner=false, contains=null, notContains=null]. Consider exposing JMeter plugins via META-INF/services, and add JMeter-Skip-Class-Scanning=true manifest attribute so JMeter can skip classfile scanning
2026-02-06 14:50:52,367 INFO o.a.j.r.ClassFinder: Will scan jar /opt/jemeter/lib/ext/jmeter-plugins-casutg-3.1.1.jar with filter ExtendsClassFilter [parents=[interface org.apache.jmeter.gui.action.Command], inner=false, contains=null, notContains=null]. Consider exposing JMeter plugins via META-INF/services, and add JMeter-Skip-Class-Scanning=true manifest attribute so JMeter can skip classfile scanning
2026-02-06 14:50:52,422 INFO o.a.j.r.ClassFinder: Will scan jar /opt/jemeter/lib/ext/jmeter-plugins-fifo-0.2.jar with filter ExtendsClassFilter [parents=[interface org.apache.jmeter.gui.plugin.MenuCreator], inner=false, contains=null, notContains=null]. Consider exposing JMeter plugins via META-INF/services, and add JMeter-Skip-Class-Scanning=true manifest attribute so JMeter can skip classfile scanning
2026-02-06 14:50:52,422 INFO o.a.j.r.ClassFinder: Will scan jar /opt/jemeter/lib/ext/jmeter-plugins-manager-1.11.jar with filter ExtendsClassFilter [parents=[interface org.apache.jmeter.gui.plugin.MenuCreator], inner=false, contains=null, notContains=null]. Consider exposing JMeter plugins via META-INF/services, and add JMeter-Skip-Class-Scanning=true manifest attribute so JMeter can skip classfile scanning
2026-02-06 14:50:52,424 INFO o.a.j.r.ClassFinder: Will scan jar /opt/jemeter/lib/ext/har-convertor-jmeter-plugin-9.1-jar-with-dependencies.jar with filter ExtendsClassFilter [parents=[interface org.apache.jmeter.gui.plugin.MenuCreator], inner=false, contains=null, notContains=null]. Consider exposing JMeter plugins via META-INF/services, and add JMeter-Skip-Class-Scanning=true manifest attribute so JMeter can skip classfile scanning
2026-02-06 14:50:52,425 INFO o.a.j.r.ClassFinder: Will scan jar /opt/jemeter/lib/ext/jmeter-plugins-cmd-2.3.jar with filter ExtendsClassFilter [parents=[interface org.apache.jmeter.gui.plugin.MenuCreator], inner=false, contains=null, notContains=null]. Consider exposing JMeter plugins via META-INF/services, and add JMeter-Skip-Class-Scanning=true manifest attribute so JMeter can skip classfile scanning
2026-02-06 14:50:52,425 INFO o.a.j.r.ClassFinder: Will scan jar /opt/jemeter/lib/ext/jmeter-plugins-json-2.7.jar with filter ExtendsClassFilter [parents=[interface org.apache.jmeter.gui.plugin.MenuCreator], inner=false, contains=null, notContains=null]. Consider exposing JMeter plugins via META-INF/services, and add JMeter-Skip-Class-Scanning=true manifest attribute so JMeter can skip classfile scanning
2026-02-06 14:50:52,426 INFO o.a.j.r.ClassFinder: Will scan jar /opt/jemeter/lib/ext/jmeter.pack-listener-1.7.jar with filter ExtendsClassFilter [parents=[interface org.apache.jmeter.gui.plugin.MenuCreator], inner=false, contains=null, notContains=null]. Consider exposing JMeter plugins via META-INF/services, and add JMeter-Skip-Class-Scanning=true manifest attribute so JMeter can skip classfile scanning
2026-02-06 14:50:52,430 INFO o.a.j.r.ClassFinder: Will scan jar /opt/jemeter/lib/ext/ulp-observability-listener-1.1.0.jar with filter ExtendsClassFilter [parents=[interface org.apache.jmeter.gui.plugin.MenuCreator], inner=false, contains=null, notContains=null]. Consider exposing JMeter plugins via META-INF/services, and add JMeter-Skip-Class-Scanning=true manifest attribute so JMeter can skip classfile scanning
2026-02-06 14:50:52,431 INFO o.a.j.r.ClassFinder: Will scan jar /opt/jemeter/lib/ext/jmeter-plugins-graphs-ggl-2.0.jar with filter ExtendsClassFilter [parents=[interface org.apache.jmeter.gui.plugin.MenuCreator], inner=false, contains=null, notContains=null]. Consider exposing JMeter plugins via META-INF/services, and add JMeter-Skip-Class-Scanning=true manifest attribute so JMeter can skip classfile scanning
2026-02-06 14:50:52,431 INFO o.a.j.r.ClassFinder: Will scan jar /opt/jemeter/lib/ext/jmeter-junit-reporter-1.1.jar with filter ExtendsClassFilter [parents=[interface org.apache.jmeter.gui.plugin.MenuCreator], inner=false, contains=null, notContains=null]. Consider exposing JMeter plugins via META-INF/services, and add JMeter-Skip-Class-Scanning=true manifest attribute so JMeter can skip classfile scanning
2026-02-06 14:50:52,432 INFO o.a.j.r.ClassFinder: Will scan jar /opt/jemeter/lib/ext/jmeter-plugins-graphs-basic-2.0.jar with filter ExtendsClassFilter [parents=[interface org.apache.jmeter.gui.plugin.MenuCreator], inner=false, contains=null, notContains=null]. Consider exposing JMeter plugins via META-INF/services, and add JMeter-Skip-Class-Scanning=true manifest attribute so JMeter can skip classfile scanning
2026-02-06 14:50:52,432 INFO o.a.j.r.ClassFinder: Will scan jar /opt/jemeter/lib/ext/jmeter-plugins-functions-2.2.jar with filter ExtendsClassFilter [parents=[interface org.apache.jmeter.gui.plugin.MenuCreator], inner=false, contains=null, notContains=null]. Consider exposing JMeter plugins via META-INF/services, and add JMeter-Skip-Class-Scanning=true manifest attribute so JMeter can skip classfile scanning
2026-02-06 14:50:52,432 INFO o.a.j.r.ClassFinder: Will scan jar /opt/jemeter/lib/ext/jmeter-plugins-casutg-3.1.1.jar with filter ExtendsClassFilter [parents=[interface org.apache.jmeter.gui.plugin.MenuCreator], inner=false, contains=null, notContains=null]. Consider exposing JMeter plugins via META-INF/services, and add JMeter-Skip-Class-Scanning=true manifest attribute so JMeter can skip classfile scanning
2026-02-06 14:50:52,502 INFO o.j.r.JARSourceHTTP: Found cached repo
2026-02-06 14:50:52,814 INFO o.j.r.PluginManager: Plugins Status: [jpgc-graphs-basic=2.0, jpgc-cmd=2.3, jpgc-functions=2.2, jpgc-casutg=3.1.1, jpgc-ggl=2.0, jpgc-fifo=0.2, jmeter.pack-listener=1.7, jpgc-json=2.7, tilln-junit=1.1, jpgc-plugins-manager=1.11, ulp-observability-plugin=1.1.0, jmeter-core=5.6.3, jmeter-ftp=5.6.3, jmeter-http=5.6.3, jmeter-jdbc=5.6.3, jmeter-jms=5.6.3, jmeter-junit=5.6.3, jmeter-java=5.6.3, jmeter-ldap=5.6.3, jmeter-mail=5.6.3, jmeter-mongodb=5.6.3, jmeter-native=5.6.3, jmeter-tcp=5.6.3, jmeter-components=5.6.3, vdn-har-convertor-jmeter-tool=9.1]
2026-02-06 14:51:11,322 INFO i.g.v.j.h.g.HarConvertorGui: Before HarForJMeter.generateJmxAndRecord
2026-02-06 14:51:11,323 INFO i.g.v.j.h.g.HarConvertorGui: ************* PARAMETERS ***************
2026-02-06 14:51:11,323 INFO i.g.v.j.h.g.HarConvertorGui: fileHarIn=</home/opentrends/Downloads/petstore.octoperf1.com.har>
2026-02-06 14:51:11,323 INFO i.g.v.j.h.g.HarConvertorGui: fileJmxOut=</home/opentrends/Downloads/petstore.octoperf1.com.jmx>
2026-02-06 14:51:11,323 INFO i.g.v.j.h.g.HarConvertorGui: recordXmlOut=<>
2026-02-06 14:51:11,323 INFO i.g.v.j.h.g.HarConvertorGui: isAddResultTreeRecord=<true>
2026-02-06 14:51:11,323 INFO i.g.v.j.h.g.HarConvertorGui: isWebSocketPDoornbosch=<false>
2026-02-06 14:51:11,323 INFO i.g.v.j.h.g.HarConvertorGui: createNewTransactionAfterRequestMs=<5000>
2026-02-06 14:51:11,323 INFO i.g.v.j.h.g.HarConvertorGui: isAddPause=<true>
2026-02-06 14:51:11,323 INFO i.g.v.j.h.g.HarConvertorGui: regexFilterInclude=<>
2026-02-06 14:51:11,323 INFO i.g.v.j.h.g.HarConvertorGui: regexFilterExclude=<>
2026-02-06 14:51:11,323 INFO i.g.v.j.h.g.HarConvertorGui: removeHeaders=<>
2026-02-06 14:51:11,323 INFO i.g.v.j.h.g.HarConvertorGui: jacksonParserStringMax=<20000000>
2026-02-06 14:51:11,324 INFO i.g.v.j.h.g.HarConvertorGui: isRemoveCookieHeader=<true>
2026-02-06 14:51:11,324 INFO i.g.v.j.h.g.HarConvertorGui: samplerStartNumber=<1>
2026-02-06 14:51:11,324 INFO i.g.v.j.h.g.HarConvertorGui: samplerStartNumber=<1>
2026-02-06 14:51:11,324 INFO i.g.v.j.h.g.HarConvertorGui: externalFileInfoIn=<>
2026-02-06 14:51:11,324 INFO i.g.v.j.h.g.HarConvertorGui: ****************************************
2026-02-06 14:51:11,654 INFO i.g.v.j.h.g.HarConvertorGui: After HarForJMeter.generateJmxAndRecord
2026-02-06 14:51:11,831 INFO o.a.j.s.SaveService: Testplan (JMX) version: 2.2. Testlog (JTL) version: 2.2
2026-02-06 14:51:11,836 INFO o.a.j.s.SaveService: Using SaveService properties version 5.0
2026-02-06 14:51:11,838 INFO o.a.j.s.SaveService: Using SaveService properties file encoding UTF-8
2026-02-06 14:51:11,839 INFO o.a.j.s.SaveService: Loading file: /home/opentrends/Downloads/petstore.octoperf1.com.jmx
2026-02-06 14:51:11,963 INFO o.a.j.p.h.c.CookieManager: Settings: Delete null: true Check: true Allow variable: true Save: false Prefix: COOKIE_
2026-02-06 14:51:11,964 INFO o.a.j.p.h.c.CacheManager: Will only cache the following methods: [GET]
2026-02-06 14:51:11,967 INFO o.a.j.p.h.s.HTTPSamplerBase: Parser for text/html is org.apache.jmeter.protocol.http.parser.LagartoBasedHtmlParser
2026-02-06 14:51:11,967 INFO o.a.j.p.h.s.HTTPSamplerBase: Parser for application/xhtml+xml is org.apache.jmeter.protocol.http.parser.LagartoBasedHtmlParser
2026-02-06 14:51:11,967 INFO o.a.j.p.h.s.HTTPSamplerBase: Parser for application/xml is org.apache.jmeter.protocol.http.parser.LagartoBasedHtmlParser
2026-02-06 14:51:11,967 INFO o.a.j.p.h.s.HTTPSamplerBase: Parser for text/xml is org.apache.jmeter.protocol.http.parser.LagartoBasedHtmlParser
2026-02-06 14:51:11,967 INFO o.a.j.p.h.s.HTTPSamplerBase: Parser for text/vnd.wap.wml is org.apache.jmeter.protocol.http.parser.RegexpHTMLParser
2026-02-06 14:51:11,967 INFO o.a.j.p.h.s.HTTPSamplerBase: Parser for text/css is org.apache.jmeter.protocol.http.parser.CssParser
2026-02-06 14:51:56,299 INFO i.g.v.j.h.g.HarConvertorGui: Before HarForJMeter.generateJmxAndRecord
2026-02-06 14:51:56,299 INFO i.g.v.j.h.g.HarConvertorGui: ************* PARAMETERS ***************
2026-02-06 14:51:56,299 INFO i.g.v.j.h.g.HarConvertorGui: fileHarIn=</home/opentrends/Downloads/petstore.octoperf1.com.har>
2026-02-06 14:51:56,299 INFO i.g.v.j.h.g.HarConvertorGui: fileJmxOut=</home/opentrends/Downloads/petstore.octoperf1.com.jmx>
2026-02-06 14:51:56,299 INFO i.g.v.j.h.g.HarConvertorGui: recordXmlOut=<>
2026-02-06 14:51:56,299 INFO i.g.v.j.h.g.HarConvertorGui: isAddResultTreeRecord=<true>
2026-02-06 14:51:56,300 INFO i.g.v.j.h.g.HarConvertorGui: isWebSocketPDoornbosch=<false>
2026-02-06 14:51:56,300 INFO i.g.v.j.h.g.HarConvertorGui: createNewTransactionAfterRequestMs=<5000>
2026-02-06 14:51:56,300 INFO i.g.v.j.h.g.HarConvertorGui: isAddPause=<true>
2026-02-06 14:51:56,300 INFO i.g.v.j.h.g.HarConvertorGui: regexFilterInclude=<>
2026-02-06 14:51:56,300 INFO i.g.v.j.h.g.HarConvertorGui: regexFilterExclude=<(?i).*.(bmp|css|js|gif|ico|jpe?g|png|swf|eot|otf|ttf|mp4|woff| woff2|svg)>
2026-02-06 14:51:56,300 INFO i.g.v.j.h.g.HarConvertorGui: removeHeaders=<>
2026-02-06 14:51:56,300 INFO i.g.v.j.h.g.HarConvertorGui: jacksonParserStringMax=<20000000>
2026-02-06 14:51:56,300 INFO i.g.v.j.h.g.HarConvertorGui: isRemoveCookieHeader=<true>
2026-02-06 14:51:56,300 INFO i.g.v.j.h.g.HarConvertorGui: samplerStartNumber=<1>
2026-02-06 14:51:56,300 INFO i.g.v.j.h.g.HarConvertorGui: samplerStartNumber=<1>
2026-02-06 14:51:56,300 INFO i.g.v.j.h.g.HarConvertorGui: externalFileInfoIn=<>
2026-02-06 14:51:56,300 INFO i.g.v.j.h.g.HarConvertorGui: ****************************************
2026-02-06 14:51:56,336 INFO i.g.v.j.h.g.HarConvertorGui: After HarForJMeter.generateJmxAndRecord
2026-02-06 14:51:56,336 INFO o.a.j.s.SaveService: Loading file: /home/opentrends/Downloads/petstore.octoperf1.com.jmx
